[2022-10-16 14:46:44] local.ERROR: Disk [gfgd] does not have a configured driver. {"exception":"[object] (InvalidArgumentException(code: 0): Disk [gfgd] does not have a configured driver. at C:\\xampp\\htdocs\\guardsre-web\\vendor\\laravel\\framework\\src\\Illuminate\\Filesystem\\FilesystemManager.php:117)
[stacktrace]
#0 C:\\xampp\\htdocs\\guardsre-web\\vendor\\laravel\\framework\\src\\Illuminate\\Filesystem\\FilesystemManager.php(101): Illuminate\\Filesystem\\FilesystemManager->resolve('gfgd')
#1 C:\\xampp\\htdocs\\guardsre-web\\vendor\\laravel\\framework\\src\\Illuminate\\Filesystem\\FilesystemManager.php(78): Illuminate\\Filesystem\\FilesystemManager->get('gfgd')
#2 C:\\xampp\\htdocs\\guardsre-web\\vendor\\laravel\\framework\\src\\Illuminate\\Support\\Facades\\Facade.php(261): Illuminate\\Filesystem\\FilesystemManager->disk('gfgd')
#3 C:\\xampp\\htdocs\\guardsre-web\\app\\Http\\Controllers\\Controller.php(488): Illuminate\\Support\\Facades\\Facade::__callStatic('disk', Array)
#4 C:\\xampp\\htdocs\\guardsre-web\\app\\Http\\Controllers\\Controller.php(284): App\\Http\\Controllers\\Controller->getPropertyImage('1132', 'https://guardsr...', 1200, 700)
#5 C:\\xampp\\htdocs\\guardsre-web\\app\\Jobs\\sync10ninety.php(59): App\\Http\\Controllers\\Controller->search1090('L', 999)
#6 C:\\xampp\\htdocs\\guardsre-web\\vendor\\laravel\\framework\\src\\Illuminate\\Container\\BoundMethod.php(36): App\\Jobs\\sync10ninety->handle()
#7 C:\\xampp\\htdocs\\guardsre-web\\vendor\\laravel\\framework\\src\\Illuminate\\Container\\Util.php(37): Illuminate\\Container\\BoundMethod::Illuminate\\Container\\{closure}()
#8 C:\\xampp\\htdocs\\guardsre-web\\vendor\\laravel\\framework\\src\\Illuminate\\Container\\BoundMethod.php(93): Illuminate\\Container\\Util::unwrapIfClosure(Object(Closure))
#9 C:\\xampp\\htdocs\\guardsre-web\\vendor\\laravel\\framework\\src\\Illuminate\\Container\\BoundMethod.php(37): Illuminate\\Container\\BoundMethod::callBoundMethod(Object(Illuminate\\Foundation\\Application), Array, Object(Closure))
#10 C:\\xampp\\htdocs\\guardsre-web\\vendor\\laravel\\framework\\src\\Illuminate\\Container\\Container.php(596): Illuminate\\Container\\BoundMethod::call(Object(Illuminate\\Foundation\\Application), Array, Array, NULL)
#11 C:\\xampp\\htdocs\\guardsre-web\\vendor\\laravel\\framework\\src\\Illuminate\\Bus\\Dispatcher.php(94): Illuminate\\Container\\Container->call(Array)
#12 C:\\xampp\\htdocs\\guardsre-web\\vendor\\laravel\\framework\\src\\Illuminate\\Pipeline\\Pipeline.php(128): Illuminate\\Bus\\Dispatcher->Illuminate\\Bus\\{closure}(Object(App\\Jobs\\sync10ninety))
#13 C:\\xampp\\htdocs\\guardsre-web\\vendor\\laravel\\framework\\src\\Illuminate\\Pipeline\\Pipeline.php(103): Illuminate\\Pipeline\\Pipeline->Illuminate\\Pipeline\\{closure}(Object(App\\Jobs\\sync10ninety))
#14 C:\\xampp\\htdocs\\guardsre-web\\vendor\\laravel\\framework\\src\\Illuminate\\Bus\\Dispatcher.php(98): Illuminate\\Pipeline\\Pipeline->then(Object(Closure))
#15 C:\\xampp\\htdocs\\guardsre-web\\vendor\\laravel\\framework\\src\\Illuminate\\Queue\\CallQueuedHandler.php(83): Illuminate\\Bus\\Dispatcher->dispatchNow(Object(App\\Jobs\\sync10ninety), false)
#16 C:\\xampp\\htdocs\\guardsre-web\\vendor\\laravel\\framework\\src\\Illuminate\\Pipeline\\Pipeline.php(128): Illuminate\\Queue\\CallQueuedHandler->Illuminate\\Queue\\{closure}(Object(App\\Jobs\\sync10ninety))
#17 C:\\xampp\\htdocs\\guardsre-web\\vendor\\laravel\\framework\\src\\Illuminate\\Pipeline\\Pipeline.php(103): Illuminate\\Pipeline\\Pipeline->Illuminate\\Pipeline\\{closure}(Object(App\\Jobs\\sync10ninety))
#18 C:\\xampp\\htdocs\\guardsre-web\\vendor\\laravel\\framework\\src\\Illuminate\\Queue\\CallQueuedHandler.php(85): Illuminate\\Pipeline\\Pipeline->then(Object(Closure))
#19 C:\\xampp\\htdocs\\guardsre-web\\vendor\\laravel\\framework\\src\\Illuminate\\Queue\\CallQueuedHandler.php(59): Illuminate\\Queue\\CallQueuedHandler->dispatchThroughMiddleware(Object(Illuminate\\Queue\\Jobs\\SyncJob), Object(App\\Jobs\\sync10ninety))
#20 C:\\xampp\\htdocs\\guardsre-web\\vendor\\laravel\\framework\\src\\Illuminate\\Queue\\Jobs\\Job.php(98): Illuminate\\Queue\\CallQueuedHandler->call(Object(Illuminate\\Queue\\Jobs\\SyncJob), Array)
#21 C:\\xampp\\htdocs\\guardsre-web\\vendor\\laravel\\framework\\src\\Illuminate\\Queue\\SyncQueue.php(43): Illuminate\\Queue\\Jobs\\Job->fire()
#22 C:\\xampp\\htdocs\\guardsre-web\\vendor\\laravel\\framework\\src\\Illuminate\\Bus\\Dispatcher.php(182): Illuminate\\Queue\\SyncQueue->push(Object(App\\Jobs\\sync10ninety))
#23 C:\\xampp\\htdocs\\guardsre-web\\vendor\\laravel\\framework\\src\\Illuminate\\Bus\\Dispatcher.php(158): Illuminate\\Bus\\Dispatcher->pushCommandToQueue(Object(Illuminate\\Queue\\SyncQueue), Object(App\\Jobs\\sync10ninety))
#24 C:\\xampp\\htdocs\\guardsre-web\\vendor\\laravel\\framework\\src\\Illuminate\\Bus\\Dispatcher.php(73): Illuminate\\Bus\\Dispatcher->dispatchToQueue(Object(App\\Jobs\\sync10ninety))
#25 C:\\xampp\\htdocs\\guardsre-web\\vendor\\laravel\\framework\\src\\Illuminate\\Console\\Scheduling\\Schedule.php(160): Illuminate\\Bus\\Dispatcher->dispatch(Object(App\\Jobs\\sync10ninety))
#26 C:\\xampp\\htdocs\\guardsre-web\\vendor\\laravel\\framework\\src\\Illuminate\\Console\\Scheduling\\Schedule.php(132): Illuminate\\Console\\Scheduling\\Schedule->dispatchToQueue(Object(App\\Jobs\\sync10ninety), NULL, NULL)
#27 C:\\xampp\\htdocs\\guardsre-web\\vendor\\laravel\\framework\\src\\Illuminate\\Container\\BoundMethod.php(36): Illuminate\\Console\\Scheduling\\Schedule->Illuminate\\Console\\Scheduling\\{closure}()
#28 C:\\xampp\\htdocs\\guardsre-web\\vendor\\laravel\\framework\\src\\Illuminate\\Container\\BoundMethod.php(36): Closure->__invoke()
#29 C:\\xampp\\htdocs\\guardsre-web\\vendor\\laravel\\framework\\src\\Illuminate\\Container\\Util.php(37): Illuminate\\Container\\BoundMethod::Illuminate\\Container\\{closure}()
#30 C:\\xampp\\htdocs\\guardsre-web\\vendor\\laravel\\framework\\src\\Illuminate\\Container\\BoundMethod.php(93): Illuminate\\Container\\Util::unwrapIfClosure(Object(Closure))
#31 C:\\xampp\\htdocs\\guardsre-web\\vendor\\laravel\\framework\\src\\Illuminate\\Container\\BoundMethod.php(37): Illuminate\\Container\\BoundMethod::callBoundMethod(Object(Illuminate\\Foundation\\Application), Array, Object(Closure))
#32 C:\\xampp\\htdocs\\guardsre-web\\vendor\\laravel\\framework\\src\\Illuminate\\Container\\Container.php(596): Illuminate\\Container\\BoundMethod::call(Object(Illuminate\\Foundation\\Application), Array, Array, NULL)
#33 C:\\xampp\\htdocs\\guardsre-web\\vendor\\laravel\\framework\\src\\Illuminate\\Console\\Scheduling\\CallbackEvent.php(78): Illuminate\\Container\\Container->call(Array, Array)
#34 C:\\xampp\\htdocs\\guardsre-web\\vendor\\laravel\\framework\\src\\Illuminate\\Console\\Scheduling\\ScheduleRunCommand.php(143): Illuminate\\Console\\Scheduling\\CallbackEvent->run(Object(Illuminate\\Foundation\\Application))
#35 C:\\xampp\\htdocs\\guardsre-web\\vendor\\laravel\\framework\\src\\Illuminate\\Console\\Scheduling\\ScheduleRunCommand.php(102): Illuminate\\Console\\Scheduling\\ScheduleRunCommand->runEvent(Object(Illuminate\\Console\\Scheduling\\CallbackEvent))
#36 C:\\xampp\\htdocs\\guardsre-web\\vendor\\laravel\\framework\\src\\Illuminate\\Container\\BoundMethod.php(36): Illuminate\\Console\\Scheduling\\ScheduleRunCommand->handle(Object(Illuminate\\Console\\Scheduling\\Schedule), Object(Illuminate\\Events\\Dispatcher), Object(NunoMaduro\\Collision\\Adapters\\Laravel\\ExceptionHandler))
#37 C:\\xampp\\htdocs\\guardsre-web\\vendor\\laravel\\framework\\src\\Illuminate\\Container\\Util.php(37): Illuminate\\Container\\BoundMethod::Illuminate\\Container\\{closure}()
#38 C:\\xampp\\htdocs\\guardsre-web\\vendor\\laravel\\framework\\src\\Illuminate\\Container\\BoundMethod.php(93): Illuminate\\Container\\Util::unwrapIfClosure(Object(Closure))
#39 C:\\xampp\\htdocs\\guardsre-web\\vendor\\laravel\\framework\\src\\Illuminate\\Container\\BoundMethod.php(37): Illuminate\\Container\\BoundMethod::callBoundMethod(Object(Illuminate\\Foundation\\Application), Array, Object(Closure))
#40 C:\\xampp\\htdocs\\guardsre-web\\vendor\\laravel\\framework\\src\\Illuminate\\Container\\Container.php(596): Illuminate\\Container\\BoundMethod::call(Object(Illuminate\\Foundation\\Application), Array, Array, NULL)
#41 C:\\xampp\\htdocs\\guardsre-web\\vendor\\laravel\\framework\\src\\Illuminate\\Console\\Command.php(134): Illuminate\\Container\\Container->call(Array)
#42 C:\\xampp\\htdocs\\guardsre-web\\vendor\\symfony\\console\\Command\\Command.php(256): Illuminate\\Console\\Command->execute(Object(Symfony\\Component\\Console\\Input\\ArgvInput), Object(Illuminate\\Console\\OutputStyle))
#43 C:\\xampp\\htdocs\\guardsre-web\\vendor\\laravel\\framework\\src\\Illuminate\\Console\\Command.php(121): Symfony\\Component\\Console\\Command\\Command->run(Object(Symfony\\Component\\Console\\Input\\ArgvInput), Object(Illuminate\\Console\\OutputStyle))
#44 C:\\xampp\\htdocs\\guardsre-web\\vendor\\symfony\\console\\Application.php(971): Illuminate\\Console\\Command->run(Object(Symfony\\Component\\Console\\Input\\ArgvInput), Object(Symfony\\Component\\Console\\Output\\ConsoleOutput))
#45 C:\\xampp\\htdocs\\guardsre-web\\vendor\\symfony\\console\\Application.php(290): Symfony\\Component\\Console\\Application->doRunCommand(Object(Illuminate\\Console\\Scheduling\\ScheduleRunCommand), Object(Symfony\\Component\\Console\\Input\\ArgvInput), Object(Symfony\\Component\\Console\\Output\\ConsoleOutput))
#46 C:\\xampp\\htdocs\\guardsre-web\\vendor\\symfony\\console\\Application.php(166): Symfony\\Component\\Console\\Application->doRun(Object(Symfony\\Component\\Console\\Input\\ArgvInput), Object(Symfony\\Component\\Console\\Output\\ConsoleOutput))
#47 C:\\xampp\\htdocs\\guardsre-web\\vendor\\laravel\\framework\\src\\Illuminate\\Console\\Application.php(93): Symfony\\Component\\Console\\Application->run(Object(Symfony\\Component\\Console\\Input\\ArgvInput), Object(Symfony\\Component\\Console\\Output\\ConsoleOutput))
#48 C:\\xampp\\htdocs\\guardsre-web\\vendor\\laravel\\framework\\src\\Illuminate\\Foundation\\Console\\Kernel.php(129): Illuminate\\Console\\Application->run(Object(Symfony\\Component\\Console\\Input\\ArgvInput), Object(Symfony\\Component\\Console\\Output\\ConsoleOutput))
#49 C:\\xampp\\htdocs\\guardsre-web\\artisan(37): Illuminate\\Foundation\\Console\\Kernel->handle(Object(Symfony\\Component\\Console\\Input\\ArgvInput), Object(Symfony\\Component\\Console\\Output\\ConsoleOutput))
#50 {main}
"} 
